/*C1*/SET SCHEMA SYSTEM_LOBS
INSERT INTO BLOCKS VALUES(0,2147483647,0)
COMMIT
/*C2*/SET SCHEMA PUBLIC
create table adherent (id bigint not null, codePostale varchar(255), compteur integer, dateCotisation date, dateNaissance date not null, email varchar(255) not null, montant float, nom varchar(255) not null, prenom varchar(255) not null, rue varchar(255), ville varchar(255), primary key (id))
create table Cotisation (id bigint not null, dateCotisation varchar(255), montant float, primary key (id))
create table Emprunt (id bigint not null, dateEmprunt date not null, dateRetourEffective date, dateRetourPrevu date, adherent_id bigint not null, media_id bigint not null, primary key (id))
create table Media (id bigint not null, auteur varchar(255) not null, titre varchar(255) not null, type integer not null, primary key (id))
create table Utilisateur (id bigint not null, droit integer, motDePasse varchar(255), utilisateur varchar(255), primary key (id))
create sequence hibernate_sequence start with 1 increment by 1
create sequence seq_by1 start with 1 increment by 1
create sequence seq_by2 start with 1 increment by 1
create sequence seqBy2 start with 1 increment by 1
alter table Emprunt add constraint FK1nnasewt8kbl4iq0ytywppf68 foreign key (adherent_id) references adherent
alter table Emprunt add constraint FKsj8uaqc3txllxww1y1fv2fjs2 foreign key (media_id) references Media
INSERT INTO ADHERENT VALUES(1,'59172',0,NULL,'1988-04-05','lau.sion@gmail.com',NULL,'Sion','Laurent','134 rue jean jaures','Roeulx')
ALTER SEQUENCE PUBLIC.HIBERNATE_SEQUENCE RESTART WITH 2
COMMIT
INSERT INTO ADHERENT VALUES(2,'00000',0,NULL,'0001-12-25','husref.baltic@gouv.com',NULL,'Baltic','Husref','0001 rue de la seul maison','Matignon')
ALTER SEQUENCE PUBLIC.HIBERNATE_SEQUENCE RESTART WITH 3
COMMIT
INSERT INTO ADHERENT VALUES(3,'34000',0,NULL,'2001-09-11','Hedy.ElFilaly@gmail.com',NULL,'El Filaly','Hedy','69 Villa Rouge','Montpellier')
ALTER SEQUENCE PUBLIC.HIBERNATE_SEQUENCE RESTART WITH 4
COMMIT
INSERT INTO ADHERENT VALUES(4,'34000',0,NULL,'2016-06-07','formation.dta@gmail.com',NULL,'Benghal','Ayoub','69 Villa Rouge','Montpellier')
ALTER SEQUENCE PUBLIC.HIBERNATE_SEQUENCE RESTART WITH 5
COMMIT
INSERT INTO ADHERENT VALUES(5,'34000',0,NULL,'2017-06-07','formation.dta@gmail.com',NULL,'Noar','Abdel','69 Villa Rouge','Montpellier')
ALTER SEQUENCE PUBLIC.HIBERNATE_SEQUENCE RESTART WITH 6
COMMIT
INSERT INTO ADHERENT VALUES(6,'34000',0,NULL,'2017-06-07','formation.dta@gmail.com',NULL,'Monteirro','Diogo','69 Villa Rouge','Montpellier')
ALTER SEQUENCE PUBLIC.HIBERNATE_SEQUENCE RESTART WITH 7
COMMIT
INSERT INTO ADHERENT VALUES(7,'34000',0,NULL,'2017-06-07','formation.dta@gmail.com',NULL,'Thomas','Suzanne','69 Villa Rouge','Montpellier')
ALTER SEQUENCE PUBLIC.HIBERNATE_SEQUENCE RESTART WITH 8
COMMIT
INSERT INTO ADHERENT VALUES(8,'34000',0,NULL,'2017-06-07','formation.dta@gmail.com',NULL,'Dezier','Alex','69 Villa Rouge','Montpellier')
ALTER SEQUENCE PUBLIC.HIBERNATE_SEQUENCE RESTART WITH 9
COMMIT
INSERT INTO ADHERENT VALUES(9,'34000',0,NULL,'2017-06-07','formation.dta@gmail.com',NULL,'TropFort','Aurelien','69 Villa Rouge','Montpellier')
ALTER SEQUENCE PUBLIC.HIBERNATE_SEQUENCE RESTART WITH 10
COMMIT
INSERT INTO ADHERENT VALUES(10,'34000',0,NULL,'2017-06-07','formation.dta@gmail.com',NULL,'Ch\u00e9pu','David','69 Villa Rouge','Montpellier')
ALTER SEQUENCE PUBLIC.HIBERNATE_SEQUENCE RESTART WITH 11
COMMIT
INSERT INTO MEDIA VALUES(1,'Laurent','Husref se revolte',2)
ALTER SEQUENCE PUBLIC.SEQ_BY1 RESTART WITH 2
COMMIT
INSERT INTO MEDIA VALUES(2,'Laurent','Husref vs Macron',2)
ALTER SEQUENCE PUBLIC.SEQ_BY1 RESTART WITH 3
COMMIT
INSERT INTO MEDIA VALUES(3,'Laurent','Husref President',2)
ALTER SEQUENCE PUBLIC.SEQ_BY1 RESTART WITH 4
COMMIT
INSERT INTO MEDIA VALUES(4,'Hedy','Dictature Baltic',2)
ALTER SEQUENCE PUBLIC.SEQ_BY1 RESTART WITH 5
COMMIT
INSERT INTO MEDIA VALUES(5,'Husref','Echec : Abdel vs Hedy',0)
ALTER SEQUENCE PUBLIC.SEQ_BY1 RESTART WITH 6
COMMIT
INSERT INTO MEDIA VALUES(6,'Abdel','Abdel chante',1)
ALTER SEQUENCE PUBLIC.SEQ_BY1 RESTART WITH 7
COMMIT
INSERT INTO MEDIA VALUES(7,'Suzanne','Les tomates violettes',2)
ALTER SEQUENCE PUBLIC.SEQ_BY1 RESTART WITH 8
COMMIT
INSERT INTO MEDIA VALUES(8,'Husref','Comment d\u00e9couvrir les plaisirs solitaire',1)
ALTER SEQUENCE PUBLIC.SEQ_BY1 RESTART WITH 9
COMMIT
INSERT INTO MEDIA VALUES(9,'Hedy','H - la s\u00e9rie',0)
ALTER SEQUENCE PUBLIC.SEQ_BY1 RESTART WITH 10
COMMIT
INSERT INTO MEDIA VALUES(10,'Laurent','Games of Thrones',2)
ALTER SEQUENCE PUBLIC.SEQ_BY1 RESTART WITH 11
COMMIT
